<?xml version="1.0" encoding="UTF-8"?>
<!-- Generated by org.testng.reporters.JUnitXMLReporter -->
<testsuite ignored="0" hostname="Vivaan" failures="0" tests="1" name="ChromeTest" time="0.182" errors="0" timestamp="2023-08-15T19:20:44 CDT">
  <testcase classname="crossBrowser.crossBrowsers" name="@BeforeTest setup" time="0.093">
    <failure type="java.lang.NoSuchMethodError" message="&amp;apos;java.io.OutputStream com.google.common.io.ByteStreams.nullOutputStream()&amp;apos;">
      <![CDATA[java.lang.NoSuchMethodError: 'java.io.OutputStream com.google.common.io.ByteStreams.nullOutputStream()'
at org.openqa.selenium.remote.service.DriverService$Builder.getLogOutput(DriverService.java:456)
at org.openqa.selenium.chrome.ChromeDriverService$Builder.createDriverService(ChromeDriverService.java:356)
at org.openqa.selenium.chrome.ChromeDriverService$Builder.createDriverService(ChromeDriverService.java:160)
at org.openqa.selenium.remote.service.DriverService$Builder.build(DriverService.java:492)
at org.openqa.selenium.chrome.ChromeDriverService.createDefaultService(ChromeDriverService.java:156)
at org.openqa.selenium.chrome.ChromeDriver.<init>(ChromeDriver.java:51)
at crossBrowser.crossBrowsers.setup(crossBrowsers.java:28)
at java.base/java.util.concurrent.FutureTask.run(FutureTask.java:264)
at java.base/java.util.concurrent.ThreadPoolExecutor.runWorker(ThreadPoolExecutor.java:1136)
at java.base/java.util.concurrent.ThreadPoolExecutor$Worker.run(ThreadPoolExecutor.java:635)
at java.base/java.lang.Thread.run(Thread.java:833)
... Removed 15 stack frames]]>
    </failure>
  </testcase> <!-- @BeforeTest setup -->
  <testcase classname="crossBrowser.crossBrowsers" name="@BeforeTest setup" time="0.093">
    <failure type="java.lang.NoSuchMethodError" message="&amp;apos;java.io.OutputStream com.google.common.io.ByteStreams.nullOutputStream()&amp;apos;">
      <![CDATA[java.lang.NoSuchMethodError: 'java.io.OutputStream com.google.common.io.ByteStreams.nullOutputStream()'
at org.openqa.selenium.remote.service.DriverService$Builder.getLogOutput(DriverService.java:456)
at org.openqa.selenium.firefox.GeckoDriverService$Builder.createDriverService(GeckoDriverService.java:307)
at org.openqa.selenium.firefox.GeckoDriverService$Builder.createDriverService(GeckoDriverService.java:165)
at org.openqa.selenium.remote.service.DriverService$Builder.build(DriverService.java:492)
at org.openqa.selenium.firefox.GeckoDriverService.createDefaultService(GeckoDriverService.java:141)
at org.openqa.selenium.firefox.FirefoxDriver.<init>(FirefoxDriver.java:112)
at org.openqa.selenium.firefox.FirefoxDriver.<init>(FirefoxDriver.java:102)
at crossBrowser.crossBrowsers.setup(crossBrowsers.java:34)
at java.base/java.util.concurrent.FutureTask.run(FutureTask.java:264)
at java.base/java.util.concurrent.ThreadPoolExecutor.runWorker(ThreadPoolExecutor.java:1136)
at java.base/java.util.concurrent.ThreadPoolExecutor$Worker.run(ThreadPoolExecutor.java:635)
at java.base/java.lang.Thread.run(Thread.java:833)
... Removed 15 stack frames]]>
    </failure>
  </testcase> <!-- @BeforeTest setup -->
  <testcase classname="crossBrowser.crossBrowsers" name="@AfterTest closeBrowser" time="-1.692145244363E9">
    <skipped/>
  </testcase> <!-- @AfterTest closeBrowser -->
  <testcase classname="crossBrowser.crossBrowsers" name="@AfterTest closeBrowser" time="-1.692145244363E9">
    <skipped/>
  </testcase> <!-- @AfterTest closeBrowser -->
  <testcase classname="crossBrowser.crossBrowsers" name="login" time="0.0">
    <skipped/>
  </testcase> <!-- login -->
</testsuite> <!-- ChromeTest -->
